Cloud-init v. 0.7.6 running 'init-local' at Wed, 06 Dec 2017 19:53:45 +0000. Up 6.59 seconds.
Cloud-init v. 0.7.6 running 'init' at Wed, 06 Dec 2017 19:53:45 +0000. Up 6.77 seconds.
ci-info: +++++++++++++++++++++++Net device info++++++++++++++++++++++++
ci-info:  Device   Up     Address          Mask          Hw-Address    
ci-info:    lo    True   127.0.0.1      255.0.0.0            .         
ci-info:   eth0   True  172.31.22.18  255.255.240.0  06:c2:cb:2a:e3:fc 
ci-info: +++++++++++++++++++++++++++++++Route info+++++++++++++++++++++++++++++++
ci-info:  Route    Destination      Gateway        Genmask      Interface  Flags 
ci-info:    0        0.0.0.0      172.31.16.1      0.0.0.0         eth0      UG  
ci-info:    1    169.254.169.254    0.0.0.0    255.255.255.255     eth0      UH  
ci-info:    2      172.31.16.0      0.0.0.0     255.255.240.0      eth0      U   
Generating public/private rsa key pair.
Your identification has been saved in /etc/ssh/ssh_host_rsa_key.
Your public key has been saved in /etc/ssh/ssh_host_rsa_key.pub.
The key fingerprint is:
SHA256:YKrGDW/gXD1ZSTqclkk8ZkwS4dYQ3LElssS+qkbiw38 root@ip-172-31-22-18
The key's randomart image is:
+---[RSA 2048]----+
|   oOO=.o        |
|   ooOBX .       |
|   .+o&.o        |
|   ..= =         |
|  o o.+ S        |
|.= B.  .         |
|= *.+            |
| *.. E           |
|o.o..            |
+----[SHA256]-----+
Generating public/private dsa key pair.
Your identification has been saved in /etc/ssh/ssh_host_dsa_key.
Your public key has been saved in /etc/ssh/ssh_host_dsa_key.pub.
The key fingerprint is:
SHA256:WO69kJCHFtGuAjmMa/i9xkb5VKAo+hVQTXp8lEb5A7k root@ip-172-31-22-18
The key's randomart image is:
+---[DSA 1024]----+
|   ..oooo+       |
|  .  oooB        |
| o +..++o+       |
|o * o. OE o      |
|oo o o*oS  .     |
|+.  =.o+ o       |
|.o = +  + .      |
|  o = .  . .     |
|   o..    .      |
+----[SHA256]-----+
Generating public/private ecdsa key pair.
Your identification has been saved in /etc/ssh/ssh_host_ecdsa_key.
Your public key has been saved in /etc/ssh/ssh_host_ecdsa_key.pub.
The key fingerprint is:
SHA256:E1EiYN1wIu9IbDHWxcyhnzitBH4CwOlY53AveqSJmfA root@ip-172-31-22-18
The key's randomart image is:
+---[ECDSA 256]---+
|o . B++B*o.      |
| +o+o=o==o       |
|o..==.o .        |
|o. =++.+ o       |
|.= =+.* S        |
|+ E .+ o .       |
|   .  .          |
|                 |
|                 |
+----[SHA256]-----+
Cloud-init v. 0.7.6 running 'modules:config' at Wed, 06 Dec 2017 19:53:46 +0000. Up 7.68 seconds.
Loaded plugins: priorities, update-motd, upgrade-helper
No packages needed for security; 0 packages available
No packages marked for update
Cloud-init v. 0.7.6 running 'modules:final' at Wed, 06 Dec 2017 19:53:49 +0000. Up 11.20 seconds.
Cloud-init v. 0.7.6 finished at Wed, 06 Dec 2017 19:54:22 +0000. Datasource DataSourceEc2.  Up 43.80 seconds
